<?xml version="1.0" encoding="UTF-8"?>
<!-- Generated by org.testng.reporters.JUnitXMLReporter -->
<testsuite hostname="HIH-D-1894" name="AllCategoryTest" tests="12" failures="0" timestamp="10 Jul 2015 03:59:30 GMT" time="20.831" errors="0">
  <testcase name="xiupinLoginTest" time="8.031" classname="com.netease.vstore.test.allcategory.AllCategoryTest"/>
  <testcase name="ChangeProvinceTest" time="1.685" classname="com.netease.vstore.test.allcategory.AllCategoryTest"/>
  <testcase name="intoCategoryTest" time="1.4" classname="com.netease.vstore.test.allcategory.AllCategoryTest"/>
  <testcase name="underClothesTest" time="0.571" classname="com.netease.vstore.test.allcategory.AllCategoryTest"/>
  <testcase name="cosmeticTest" time="0.571" classname="com.netease.vstore.test.allcategory.AllCategoryTest"/>
  <testcase name="gentlemenTest" time="0.567" classname="com.netease.vstore.test.allcategory.AllCategoryTest"/>
  <testcase name="shoesBagTest" time="0.564" classname="com.netease.vstore.test.allcategory.AllCategoryTest"/>
  <testcase name="sportOutdoorsTest" time="0.576" classname="com.netease.vstore.test.allcategory.AllCategoryTest"/>
  <testcase name="kidswearTest" time="0.591" classname="com.netease.vstore.test.allcategory.AllCategoryTest"/>
  <testcase name="houseTest" time="0.571" classname="com.netease.vstore.test.allcategory.AllCategoryTest"/>
  <testcase name="jewelryAccessoriesTest" time="0.585" classname="com.netease.vstore.test.allcategory.AllCategoryTest"/>
  <testcase name="LogoutTest" time="2.932" classname="com.netease.vstore.test.allcategory.AllCategoryTest"/>
</testsuite> <!-- AllCategoryTest -->
