<?xml version="1.0" encoding="UTF-8"?>
<!-- Generated by org.testng.reporters.JUnitXMLReporter -->
<testsuite hostname="HIH-D-1894" name="BuyLessOneAndMoreTwoPrdctDetailPage" tests="8" failures="0" timestamp="10 Jul 2015 04:16:23 GMT" time="24.531" errors="0">
  <testcase name="xiupinLoginTest" time="7.318" classname="com.netease.vstore.test.scene.BuyLessOneAndMoreTwoPrdctDetailPage"/>
  <testcase name="ChangeProvinceTest" time="1.68" classname="com.netease.vstore.test.scene.BuyLessOneAndMoreTwoPrdctDetailPage"/>
  <testcase name="cleanCart" time="2.718" classname="com.netease.vstore.test.scene.BuyLessOneAndMoreTwoPrdctDetailPage"/>
  <testcase name="scheduleTest" time="0.741" classname="com.netease.vstore.test.scene.BuyLessOneAndMoreTwoPrdctDetailPage"/>
  <testcase name="detailTest" time="0.853" classname="com.netease.vstore.test.scene.BuyLessOneAndMoreTwoPrdctDetailPage"/>
  <testcase name="buyLessThanOneTest" time="0.571" classname="com.netease.vstore.test.scene.BuyLessOneAndMoreTwoPrdctDetailPage"/>
  <testcase name="buyMoreThanTwoTest" time="5.156" classname="com.netease.vstore.test.scene.BuyLessOneAndMoreTwoPrdctDetailPage"/>
  <testcase name="xiupinLogout" time="2.981" classname="com.netease.vstore.test.scene.BuyLessOneAndMoreTwoPrdctDetailPage"/>
</testsuite> <!-- BuyLessOneAndMoreTwoPrdctDetailPage -->
