<?xml version="1.0" encoding="UTF-8"?>
<!-- Generated by org.testng.reporters.JUnitXMLReporter -->
<testsuite hostname="HIH-D-1894" name="BuyOnePrdctFromOneShop" tests="11" failures="0" timestamp="10 Jul 2015 04:07:28 GMT" time="34.128" errors="0">
  <testcase name="xiupinLoginTest" time="15.794" classname="com.netease.vstore.test.scene.BuyOnePrdctFromOneShop"/>
  <testcase name="ChangeProvinceTest" time="1.692" classname="com.netease.vstore.test.scene.BuyOnePrdctFromOneShop"/>
  <testcase name="cleanCart" time="2.698" classname="com.netease.vstore.test.scene.BuyOnePrdctFromOneShop"/>
  <testcase name="scheduleTest" time="0.793" classname="com.netease.vstore.test.scene.BuyOnePrdctFromOneShop"/>
  <testcase name="detailTest" time="0.737" classname="com.netease.vstore.test.scene.BuyOnePrdctFromOneShop"/>
  <testcase name="addToCartTest" time="0.594" classname="com.netease.vstore.test.scene.BuyOnePrdctFromOneShop"/>
  <testcase name="CartTest" time="1.099" classname="com.netease.vstore.test.scene.BuyOnePrdctFromOneShop"/>
  <testcase name="purchaseIndex" time="1.552" classname="com.netease.vstore.test.scene.BuyOnePrdctFromOneShop"/>
  <testcase name="PaymentMethod" time="1.088" classname="com.netease.vstore.test.scene.BuyOnePrdctFromOneShop"/>
  <testcase name="buy" time="2.384" classname="com.netease.vstore.test.scene.BuyOnePrdctFromOneShop"/>
  <testcase name="xiupinLogout" time="3.182" classname="com.netease.vstore.test.scene.BuyOnePrdctFromOneShop"/>
</testsuite> <!-- BuyOnePrdctFromOneShop -->
