<?xml version="1.0" encoding="UTF-8"?>
<!-- Generated by org.testng.reporters.JUnitXMLReporter -->
<testsuite hostname="HIH-D-1894" name="BuyPrdctUseNewAddedAddressInPurchaseIndex" tests="15" failures="0" timestamp="10 Jul 2015 04:17:27 GMT" time="36.92" errors="0">
  <testcase name="xiupinLoginTest" time="8.014" classname="com.netease.vstore.test.scene.BuyPrdctUseNewAddedAddressInPurchaseIndex"/>
  <testcase name="ChangeProvinceTest" time="1.697" classname="com.netease.vstore.test.scene.BuyPrdctUseNewAddedAddressInPurchaseIndex"/>
  <testcase name="cleanCart" time="2.757" classname="com.netease.vstore.test.scene.BuyPrdctUseNewAddedAddressInPurchaseIndex"/>
  <testcase name="scheduleTest" time="0.668" classname="com.netease.vstore.test.scene.BuyPrdctUseNewAddedAddressInPurchaseIndex"/>
  <testcase name="detailTest" time="0.858" classname="com.netease.vstore.test.scene.BuyPrdctUseNewAddedAddressInPurchaseIndex"/>
  <testcase name="addToCartTest" time="0.595" classname="com.netease.vstore.test.scene.BuyPrdctUseNewAddedAddressInPurchaseIndex"/>
  <testcase name="CartTest" time="1.14" classname="com.netease.vstore.test.scene.BuyPrdctUseNewAddedAddressInPurchaseIndex"/>
  <testcase name="purchaseIndex" time="1.56" classname="com.netease.vstore.test.scene.BuyPrdctUseNewAddedAddressInPurchaseIndex"/>
  <testcase name="AddAddressTest" time="6.844" classname="com.netease.vstore.test.scene.BuyPrdctUseNewAddedAddressInPurchaseIndex"/>
  <testcase name="PaymentMethod" time="1.079" classname="com.netease.vstore.test.scene.BuyPrdctUseNewAddedAddressInPurchaseIndex"/>
  <testcase name="buy" time="2.158" classname="com.netease.vstore.test.scene.BuyPrdctUseNewAddedAddressInPurchaseIndex"/>
  <testcase name="pofileIndexTest" time="2.303" classname="com.netease.vstore.test.scene.BuyPrdctUseNewAddedAddressInPurchaseIndex"/>
  <testcase name="addressTest" time="1.682" classname="com.netease.vstore.test.scene.BuyPrdctUseNewAddedAddressInPurchaseIndex"/>
  <testcase name="deleteAddressTest" time="0.624" classname="com.netease.vstore.test.scene.BuyPrdctUseNewAddedAddressInPurchaseIndex"/>
  <testcase name="xiupinLogout" time="2.947" classname="com.netease.vstore.test.scene.BuyPrdctUseNewAddedAddressInPurchaseIndex"/>
</testsuite> <!-- BuyPrdctUseNewAddedAddressInPurchaseIndex -->
