<?xml version="1.0" encoding="UTF-8"?>
<!-- Generated by org.testng.reporters.JUnitXMLReporter -->
<testsuite hostname="HIH-D-1894" name="BuyPrdctByPriceSearch" tests="12" failures="0" timestamp="10 Jul 2015 04:12:43 GMT" time="27.824" errors="0">
  <testcase name="xiupinLoginTest" time="7.791" classname="com.netease.vstore.test.scene.BuyPrdctByPriceSearch"/>
  <testcase name="ChangeProvinceTest" time="1.682" classname="com.netease.vstore.test.scene.BuyPrdctByPriceSearch"/>
  <testcase name="cleanCart" time="2.729" classname="com.netease.vstore.test.scene.BuyPrdctByPriceSearch"/>
  <testcase name="scheduleTest" time="0.718" classname="com.netease.vstore.test.scene.BuyPrdctByPriceSearch"/>
  <testcase name="SearchPrdctByPriceTest" time="0.178" classname="com.netease.vstore.test.scene.BuyPrdctByPriceSearch"/>
  <testcase name="detailTest" time="3.297" classname="com.netease.vstore.test.scene.BuyPrdctByPriceSearch"/>
  <testcase name="addToCartTest" time="0.584" classname="com.netease.vstore.test.scene.BuyPrdctByPriceSearch"/>
  <testcase name="CartTest" time="1.101" classname="com.netease.vstore.test.scene.BuyPrdctByPriceSearch"/>
  <testcase name="purchaseIndex" time="1.566" classname="com.netease.vstore.test.scene.BuyPrdctByPriceSearch"/>
  <testcase name="PaymentMethod" time="1.08" classname="com.netease.vstore.test.scene.BuyPrdctByPriceSearch"/>
  <testcase name="buy" time="2.364" classname="com.netease.vstore.test.scene.BuyPrdctByPriceSearch"/>
  <testcase name="xiupinLogout" time="2.492" classname="com.netease.vstore.test.scene.BuyPrdctByPriceSearch"/>
</testsuite> <!-- BuyPrdctByPriceSearch -->
