<?xml version="1.0" encoding="UTF-8"?>
<!-- Generated by org.testng.reporters.JUnitXMLReporter -->
<testsuite hostname="HIH-D-1894" name="BuyPrdctAndIssueInvoice" tests="13" failures="0" timestamp="10 Jul 2015 04:12:15 GMT" time="29.548" errors="0">
  <testcase name="xiupinLoginTest" time="6.915" classname="com.netease.vstore.test.scene.BuyPrdctAndIssueInvoice"/>
  <testcase name="ChangeProvinceTest" time="1.695" classname="com.netease.vstore.test.scene.BuyPrdctAndIssueInvoice"/>
  <testcase name="cleanCart" time="2.785" classname="com.netease.vstore.test.scene.BuyPrdctAndIssueInvoice"/>
  <testcase name="scheduleTest" time="0.743" classname="com.netease.vstore.test.scene.BuyPrdctAndIssueInvoice"/>
  <testcase name="detailTest" time="0.764" classname="com.netease.vstore.test.scene.BuyPrdctAndIssueInvoice"/>
  <testcase name="addToCartTest" time="0.583" classname="com.netease.vstore.test.scene.BuyPrdctAndIssueInvoice"/>
  <testcase name="CartTest" time="1.139" classname="com.netease.vstore.test.scene.BuyPrdctAndIssueInvoice"/>
  <testcase name="purchaseIndex" time="2.456" classname="com.netease.vstore.test.scene.BuyPrdctAndIssueInvoice"/>
  <testcase name="PaymentMethod" time="1.077" classname="com.netease.vstore.test.scene.BuyPrdctAndIssueInvoice"/>
  <testcase name="selectIssueInvoicedPersonTest" time="0.568" classname="com.netease.vstore.test.scene.BuyPrdctAndIssueInvoice"/>
  <testcase name="selectIssueInvoicedCompanyTest" time="2.704" classname="com.netease.vstore.test.scene.BuyPrdctAndIssueInvoice"/>
  <testcase name="buy" time="2.102" classname="com.netease.vstore.test.scene.BuyPrdctAndIssueInvoice"/>
  <testcase name="xiupinLogout" time="3.082" classname="com.netease.vstore.test.scene.BuyPrdctAndIssueInvoice"/>
</testsuite> <!-- BuyPrdctAndIssueInvoice -->
