<?xml version="1.0" encoding="UTF-8"?>
<!-- Generated by org.testng.reporters.JUnitXMLReporter -->
<testsuite hostname="HIH-D-1894" name="BuyPrdctWithCouponAndPay" tests="13" failures="0" timestamp="10 Jul 2015 04:14:57 GMT" time="42.327" errors="0">
  <testcase name="xiupinLoginTest" time="17.121" classname="com.netease.vstore.test.scene.BuyPrdctWithCouponAndPay"/>
  <testcase name="ChangeProvinceTest" time="1.687" classname="com.netease.vstore.test.scene.BuyPrdctWithCouponAndPay"/>
  <testcase name="cleanCart" time="2.811" classname="com.netease.vstore.test.scene.BuyPrdctWithCouponAndPay"/>
  <testcase name="scheduleTest" time="0.748" classname="com.netease.vstore.test.scene.BuyPrdctWithCouponAndPay"/>
  <testcase name="detailTest" time="0.748" classname="com.netease.vstore.test.scene.BuyPrdctWithCouponAndPay"/>
  <testcase name="addToCartTest" time="0.607" classname="com.netease.vstore.test.scene.BuyPrdctWithCouponAndPay"/>
  <testcase name="CartTest" time="1.1" classname="com.netease.vstore.test.scene.BuyPrdctWithCouponAndPay"/>
  <testcase name="purchaseIndexTest" time="1.603" classname="com.netease.vstore.test.scene.BuyPrdctWithCouponAndPay"/>
  <testcase name="SelectCouponTest" time="1.22" classname="com.netease.vstore.test.scene.BuyPrdctWithCouponAndPay"/>
  <testcase name="PaymentMethod" time="2.094" classname="com.netease.vstore.test.scene.BuyPrdctWithCouponAndPay"/>
  <testcase name="buy" time="2.498" classname="com.netease.vstore.test.scene.BuyPrdctWithCouponAndPay"/>
  <testcase name="Pay" time="4.433" classname="com.netease.vstore.test.scene.BuyPrdctWithCouponAndPay"/>
  <testcase name="xiupinLogout" time="2.938" classname="com.netease.vstore.test.scene.BuyPrdctWithCouponAndPay"/>
</testsuite> <!-- BuyPrdctWithCouponAndPay -->
