<?xml version="1.0" encoding="UTF-8"?>
<!-- Generated by org.testng.reporters.JUnitXMLReporter -->
<testsuite hostname="HIH-D-1894" name="BuyPrdctFromMyUnpayOrder" tests="14" failures="0" timestamp="10 Jul 2015 04:14:14 GMT" time="30.236" errors="0">
  <testcase name="xiupinLoginTest" time="6.961" classname="com.netease.vstore.test.scene.BuyPrdctFromMyUnpayOrder"/>
  <testcase name="ChangeProvinceTest" time="1.687" classname="com.netease.vstore.test.scene.BuyPrdctFromMyUnpayOrder"/>
  <testcase name="cleanCart" time="2.662" classname="com.netease.vstore.test.scene.BuyPrdctFromMyUnpayOrder"/>
  <testcase name="scheduleTest" time="0.776" classname="com.netease.vstore.test.scene.BuyPrdctFromMyUnpayOrder"/>
  <testcase name="detailTest" time="0.757" classname="com.netease.vstore.test.scene.BuyPrdctFromMyUnpayOrder"/>
  <testcase name="addToCartTest" time="0.581" classname="com.netease.vstore.test.scene.BuyPrdctFromMyUnpayOrder"/>
  <testcase name="CartTest" time="1.177" classname="com.netease.vstore.test.scene.BuyPrdctFromMyUnpayOrder"/>
  <testcase name="purchaseIndex" time="1.555" classname="com.netease.vstore.test.scene.BuyPrdctFromMyUnpayOrder"/>
  <testcase name="PaymentMethod" time="1.075" classname="com.netease.vstore.test.scene.BuyPrdctFromMyUnpayOrder"/>
  <testcase name="buy" time="2.13" classname="com.netease.vstore.test.scene.BuyPrdctFromMyUnpayOrder"/>
  <testcase name="pofileIndexTest" time="2.437" classname="com.netease.vstore.test.scene.BuyPrdctFromMyUnpayOrder"/>
  <testcase name="myOrderTest" time="1.662" classname="com.netease.vstore.test.scene.BuyPrdctFromMyUnpayOrder"/>
  <testcase name="payFromMyOrder" time="1.36" classname="com.netease.vstore.test.scene.BuyPrdctFromMyUnpayOrder"/>
  <testcase name="xiupinLogout" time="2.931" classname="com.netease.vstore.test.scene.BuyPrdctFromMyUnpayOrder"/>
</testsuite> <!-- BuyPrdctFromMyUnpayOrder -->
