<?xml version="1.0" encoding="UTF-8"?>
<!-- Generated by org.testng.reporters.JUnitXMLReporter -->
<testsuite hostname="HIH-D-1894" name="BuyTwoSamePrdctFromOneShopInDetailPage" tests="12" failures="0" timestamp="10 Jul 2015 04:08:30 GMT" time="30.003" errors="0">
  <testcase name="xiupinLoginTest" time="7.894" classname="com.netease.vstore.test.scene.BuyTwoSamePrdctFromOneShopInDetailPage"/>
  <testcase name="ChangeProvinceTest" time="1.719" classname="com.netease.vstore.test.scene.BuyTwoSamePrdctFromOneShopInDetailPage"/>
  <testcase name="cleanCart" time="2.734" classname="com.netease.vstore.test.scene.BuyTwoSamePrdctFromOneShopInDetailPage"/>
  <testcase name="scheduleTest" time="0.656" classname="com.netease.vstore.test.scene.BuyTwoSamePrdctFromOneShopInDetailPage"/>
  <testcase name="detailTest" time="0.774" classname="com.netease.vstore.test.scene.BuyTwoSamePrdctFromOneShopInDetailPage"/>
  <testcase name="incrPrdtCountTest" time="0.561" classname="com.netease.vstore.test.scene.BuyTwoSamePrdctFromOneShopInDetailPage"/>
  <testcase name="addToCartTest" time="0.585" classname="com.netease.vstore.test.scene.BuyTwoSamePrdctFromOneShopInDetailPage"/>
  <testcase name="CartTest" time="3.435" classname="com.netease.vstore.test.scene.BuyTwoSamePrdctFromOneShopInDetailPage"/>
  <testcase name="purchaseIndex" time="1.547" classname="com.netease.vstore.test.scene.BuyTwoSamePrdctFromOneShopInDetailPage"/>
  <testcase name="PaymentMethod" time="2.09" classname="com.netease.vstore.test.scene.BuyTwoSamePrdctFromOneShopInDetailPage"/>
  <testcase name="buy" time="2.255" classname="com.netease.vstore.test.scene.BuyTwoSamePrdctFromOneShopInDetailPage"/>
  <testcase name="xiupinLogout" time="3.076" classname="com.netease.vstore.test.scene.BuyTwoSamePrdctFromOneShopInDetailPage"/>
</testsuite> <!-- BuyTwoSamePrdctFromOneShopInDetailPage -->
