<?xml version="1.0" encoding="UTF-8"?>
<!-- Generated by org.testng.reporters.JUnitXMLReporter -->
<testsuite hostname="HIH-D-1894" name="BuyTwoDiffPrdctFromOneShop" tests="13" failures="0" timestamp="10 Jul 2015 04:08:00 GMT" time="31.274" errors="0">
  <testcase name="xiupinLoginTest" time="7.714" classname="com.netease.vstore.test.scene.BuyTwoDiffPrdctFromOneShop"/>
  <testcase name="ChangeProvinceTest" time="1.693" classname="com.netease.vstore.test.scene.BuyTwoDiffPrdctFromOneShop"/>
  <testcase name="cleanCart" time="2.756" classname="com.netease.vstore.test.scene.BuyTwoDiffPrdctFromOneShop"/>
  <testcase name="scheduleTest" time="0.81" classname="com.netease.vstore.test.scene.BuyTwoDiffPrdctFromOneShop"/>
  <testcase name="detailTest1" time="0.692" classname="com.netease.vstore.test.scene.BuyTwoDiffPrdctFromOneShop"/>
  <testcase name="addToCartTest1" time="0.66" classname="com.netease.vstore.test.scene.BuyTwoDiffPrdctFromOneShop"/>
  <testcase name="detailTest2" time="1.947" classname="com.netease.vstore.test.scene.BuyTwoDiffPrdctFromOneShop"/>
  <testcase name="addToCartTest2" time="2.62" classname="com.netease.vstore.test.scene.BuyTwoDiffPrdctFromOneShop"/>
  <testcase name="CartTest" time="1.155" classname="com.netease.vstore.test.scene.BuyTwoDiffPrdctFromOneShop"/>
  <testcase name="purchaseIndex" time="1.735" classname="com.netease.vstore.test.scene.BuyTwoDiffPrdctFromOneShop"/>
  <testcase name="PaymentMethod" time="2.1" classname="com.netease.vstore.test.scene.BuyTwoDiffPrdctFromOneShop"/>
  <testcase name="buy" time="2.381" classname="com.netease.vstore.test.scene.BuyTwoDiffPrdctFromOneShop"/>
  <testcase name="xiupinLogout" time="2.48" classname="com.netease.vstore.test.scene.BuyTwoDiffPrdctFromOneShop"/>
</testsuite> <!-- BuyTwoDiffPrdctFromOneShop -->
