<?xml version="1.0" encoding="UTF-8"?>
<!-- Generated by org.testng.reporters.JUnitXMLReporter -->
<testsuite hostname="HIH-D-1894" name="BuyTwoPrdctFromTwoShop" tests="14" failures="0" timestamp="10 Jul 2015 04:09:41 GMT" time="44.06" errors="0">
  <testcase name="xiupinLoginTest" time="14.846" classname="com.netease.vstore.test.scene.BuyTwoPrdctFromTwoShop"/>
  <testcase name="ChangeProvinceTest" time="1.738" classname="com.netease.vstore.test.scene.BuyTwoPrdctFromTwoShop"/>
  <testcase name="cleanCart" time="2.681" classname="com.netease.vstore.test.scene.BuyTwoPrdctFromTwoShop"/>
  <testcase name="scheduleTest1" time="3.214" classname="com.netease.vstore.test.scene.BuyTwoPrdctFromTwoShop"/>
  <testcase name="detailTest1" time="1.278" classname="com.netease.vstore.test.scene.BuyTwoPrdctFromTwoShop"/>
  <testcase name="addToCartTest1" time="0.802" classname="com.netease.vstore.test.scene.BuyTwoPrdctFromTwoShop"/>
  <testcase name="scheduleTest2" time="4.633" classname="com.netease.vstore.test.scene.BuyTwoPrdctFromTwoShop"/>
  <testcase name="detailTest2" time="1.349" classname="com.netease.vstore.test.scene.BuyTwoPrdctFromTwoShop"/>
  <testcase name="addToCartTest2" time="0.584" classname="com.netease.vstore.test.scene.BuyTwoPrdctFromTwoShop"/>
  <testcase name="CartTest" time="1.114" classname="com.netease.vstore.test.scene.BuyTwoPrdctFromTwoShop"/>
  <testcase name="purchaseIndex" time="1.784" classname="com.netease.vstore.test.scene.BuyTwoPrdctFromTwoShop"/>
  <testcase name="PaymentMethod" time="2.076" classname="com.netease.vstore.test.scene.BuyTwoPrdctFromTwoShop"/>
  <testcase name="buy" time="2.421" classname="com.netease.vstore.test.scene.BuyTwoPrdctFromTwoShop"/>
  <testcase name="xiupinLogout" time="3.014" classname="com.netease.vstore.test.scene.BuyTwoPrdctFromTwoShop"/>
</testsuite> <!-- BuyTwoPrdctFromTwoShop -->
