<?xml version="1.0" encoding="UTF-8"?>
<!-- Generated by org.testng.reporters.JUnitXMLReporter -->
<testsuite hostname="HIH-D-1894" name="BuyUnSaleProduct" tests="7" failures="0" timestamp="10 Jul 2015 04:15:58 GMT" time="25.87" errors="0">
  <testcase name="xiupinLoginTest" time="13.406" classname="com.netease.vstore.test.scene.BuyUnSaleProduct"/>
  <testcase name="ChangeProvinceTest" time="2.349" classname="com.netease.vstore.test.scene.BuyUnSaleProduct"/>
  <testcase name="cleanCart" time="3.268" classname="com.netease.vstore.test.scene.BuyUnSaleProduct"/>
  <testcase name="scheduleTest" time="0.634" classname="com.netease.vstore.test.scene.BuyUnSaleProduct"/>
  <testcase name="detailTest" time="0.75" classname="com.netease.vstore.test.scene.BuyUnSaleProduct"/>
  <testcase name="buyNotStarteProductTest" time="0.591" classname="com.netease.vstore.test.scene.BuyUnSaleProduct"/>
  <testcase name="xiupinLogout" time="2.357" classname="com.netease.vstore.test.scene.BuyUnSaleProduct"/>
</testsuite> <!-- BuyUnSaleProduct -->
