<?xml version="1.0" encoding="UTF-8"?>
<!-- Generated by org.testng.reporters.JUnitXMLReporter -->
<testsuite hostname="HIH-D-1894" name="CosmeticTest" tests="7" failures="0" timestamp="10 Jul 2015 03:59:55 GMT" time="25.123" errors="0">
  <testcase name="xiupinLoginTest" time="8.382" classname="com.netease.vstore.test.allcategory.CosmeticTest"/>
  <testcase name="ChangeProvinceTest" time="1.692" classname="com.netease.vstore.test.allcategory.CosmeticTest"/>
  <testcase name="intoCategoryTest" time="1.01" classname="com.netease.vstore.test.allcategory.CosmeticTest"/>
  <testcase name="intocosmeticTest" time="0.57" classname="com.netease.vstore.test.allcategory.CosmeticTest"/>
  <testcase name="SkinCareTest" time="5.438" classname="com.netease.vstore.test.allcategory.CosmeticTest"/>
  <testcase name="cosmeticsTest" time="2.923" classname="com.netease.vstore.test.allcategory.CosmeticTest"/>
  <testcase name="LogoutTest" time="3.097" classname="com.netease.vstore.test.allcategory.CosmeticTest"/>
</testsuite> <!-- CosmeticTest -->
