<?xml version="1.0" encoding="UTF-8"?>
<!-- Generated by org.testng.reporters.JUnitXMLReporter -->
<testsuite hostname="HIH-D-1894" name="FullNReduceMTest" tests="5" failures="0" timestamp="10 Jul 2015 04:06:14 GMT" time="39.18" errors="0">
  <testcase name="xiupinLoginTest" time="10.028" classname="com.netease.vstore.test.promotionActivity.FullNReduceMTest"/>
  <testcase name="ChangeProvinceTest" time="1.748" classname="com.netease.vstore.test.promotionActivity.FullNReduceMTest"/>
  <testcase name="cleanCart" time="2.787" classname="com.netease.vstore.test.promotionActivity.FullNReduceMTest"/>
  <testcase name="FullReduce" time="19.389" classname="com.netease.vstore.test.promotionActivity.FullNReduceMTest"/>
  <testcase name="xiupinLogout" time="2.499" classname="com.netease.vstore.test.promotionActivity.FullNReduceMTest"/>
</testsuite> <!-- FullNReduceMTest -->
