<?xml version="1.0" encoding="UTF-8"?>
<!-- Generated by org.testng.reporters.JUnitXMLReporter -->
<testsuite hostname="HIH-D-1894" name="GentlemanChannelTest" tests="5" failures="0" timestamp="10 Jul 2015 05:31:48 GMT" time="28.812" errors="0">
  <testcase name="xiupinLoginTest" time="7.312" classname="com.netease.vstore.test.channel.GentlemanChannelTest"/>
  <testcase name="ChangeProvinceTest" time="1.689" classname="com.netease.vstore.test.channel.GentlemanChannelTest"/>
  <testcase name="gentlemanChannelTopClothesTest" time="9.662" classname="com.netease.vstore.test.channel.GentlemanChannelTest"/>
  <testcase name="gentlemanChannelUnderWearTest" time="4.886" classname="com.netease.vstore.test.channel.GentlemanChannelTest"/>
  <testcase name="xiupinLogout" time="3.014" classname="com.netease.vstore.test.channel.GentlemanChannelTest"/>
</testsuite> <!-- GentlemanChannelTest -->
