<?xml version="1.0" encoding="UTF-8"?>
<!-- Generated by org.testng.reporters.JUnitXMLReporter -->
<testsuite hostname="HIH-D-1894" name="HouseChannelTest" tests="5" failures="0" timestamp="10 Jul 2015 05:33:35 GMT" time="32.411" errors="0">
  <testcase name="xiupinLoginTest" time="8.383" classname="com.netease.vstore.test.channel.HouseChannelTest"/>
  <testcase name="ChangeProvinceTest" time="1.701" classname="com.netease.vstore.test.channel.HouseChannelTest"/>
  <testcase name="houseChannelFurnitureTest" time="12.58" classname="com.netease.vstore.test.channel.HouseChannelTest"/>
  <testcase name="houseChannelUmbrellasTest" time="4.847" classname="com.netease.vstore.test.channel.HouseChannelTest"/>
  <testcase name="xiupinLogout" time="2.377" classname="com.netease.vstore.test.channel.HouseChannelTest"/>
</testsuite> <!-- HouseChannelTest -->
