<?xml version="1.0" encoding="UTF-8"?>
<!-- Generated by org.testng.reporters.JUnitXMLReporter -->
<testsuite hostname="HIH-D-1894" name="IndexBrandTest" tests="4" failures="1" timestamp="10 Jul 2015 04:20:38 GMT" time="26.161" errors="0">
  <testcase name="xiupinLoginTest" time="7.409" classname="com.netease.vstore.test.brand.IndexBrandTest"/>
  <testcase name="ChangeProvinceTest" time="1.716" classname="com.netease.vstore.test.brand.IndexBrandTest"/>
  <testcase name="checkIndexBrandTest" time="12.491" classname="com.netease.vstore.test.brand.IndexBrandTest">
    <failure type="java.lang.AssertionError" message="null">
      <![CDATA[java.lang.AssertionError: null
	at Util.UIAutoVstoreUtil.ElementExist(UIAutoVstoreUtil.java:120)
	at com.netease.vstore.Brand.checkIndexBrand(Brand.java:129)
	at com.netease.vstore.test.brand.IndexBrandTest.checkIndexBrandTest(IndexBrandTest.java:65)
... Removed 26 stack frames]]>
    </failure>
  </testcase> <!-- checkIndexBrandTest -->
  <testcase name="xiupinLogout" time="1.97" classname="com.netease.vstore.test.brand.IndexBrandTest"/>
</testsuite> <!-- IndexBrandTest -->
