<?xml version="1.0" encoding="UTF-8"?>
<!-- Generated by org.testng.reporters.JUnitXMLReporter -->
<testsuite hostname="HIH-D-1894" name="ManyUserBuyPrdctFromOneShop" tests="6" failures="0" timestamp="10 Jul 2015 04:19:42 GMT" time="134.66" errors="0">
  <testcase name="LoginAndBuyForEachUser" time="27.557" classname="com.netease.vstore.test.scene.ManyUserBuyPrdctFromOneShop"/>
  <testcase name="LoginAndBuyForEachUser" time="22.742" classname="com.netease.vstore.test.scene.ManyUserBuyPrdctFromOneShop"/>
  <testcase name="LoginAndBuyForEachUser" time="19.852" classname="com.netease.vstore.test.scene.ManyUserBuyPrdctFromOneShop"/>
  <testcase name="LoginAndBuyForEachUser" time="20.297" classname="com.netease.vstore.test.scene.ManyUserBuyPrdctFromOneShop"/>
  <testcase name="LoginAndBuyForEachUser" time="20.697" classname="com.netease.vstore.test.scene.ManyUserBuyPrdctFromOneShop"/>
  <testcase name="LoginAndBuyForEachUser" time="20.802" classname="com.netease.vstore.test.scene.ManyUserBuyPrdctFromOneShop"/>
</testsuite> <!-- ManyUserBuyPrdctFromOneShop -->
