<?xml version="1.0" encoding="UTF-8"?>
<!-- Generated by org.testng.reporters.JUnitXMLReporter -->
<testsuite hostname="HIH-D-1894" name="ShoesBagTest" tests="6" failures="0" timestamp="10 Jul 2015 04:01:20 GMT" time="30.604" errors="0">
  <testcase name="xiupinLoginTest" time="12.957" classname="com.netease.vstore.test.allcategory.ShoesBagTest"/>
  <testcase name="ChangeProvinceTest" time="1.69" classname="com.netease.vstore.test.allcategory.ShoesBagTest"/>
  <testcase name="intoCategoryTest" time="1.524" classname="com.netease.vstore.test.allcategory.ShoesBagTest"/>
  <testcase name="shoesBagTest" time="0.59" classname="com.netease.vstore.test.allcategory.ShoesBagTest"/>
  <testcase name="ShoesTest" time="8.486" classname="com.netease.vstore.test.allcategory.ShoesBagTest"/>
  <testcase name="LogoutTest" time="2.617" classname="com.netease.vstore.test.allcategory.ShoesBagTest"/>
</testsuite> <!-- ShoesBagTest -->
