<?xml version="1.0" encoding="UTF-8"?>
<!-- Generated by org.testng.reporters.JUnitXMLReporter -->
<testsuite hostname="HIH-D-1894" name="SportOutdoorsTest" tests="8" failures="0" timestamp="10 Jul 2015 04:03:35 GMT" time="32.678" errors="0">
  <testcase name="xiupinLoginTest" time="15.056" classname="com.netease.vstore.test.allcategory.SportOutdoorsTest"/>
  <testcase name="ChangeProvinceTest" time="1.716" classname="com.netease.vstore.test.allcategory.SportOutdoorsTest"/>
  <testcase name="intoCategoryTest" time="0.813" classname="com.netease.vstore.test.allcategory.SportOutdoorsTest"/>
  <testcase name="sportOutdoorsTest" time="0.569" classname="com.netease.vstore.test.allcategory.SportOutdoorsTest"/>
  <testcase name="SportShoesTest" time="2.796" classname="com.netease.vstore.test.allcategory.SportOutdoorsTest"/>
  <testcase name="SwimWearTest" time="4.288" classname="com.netease.vstore.test.allcategory.SportOutdoorsTest"/>
  <testcase name="SportMachineTest" time="2.818" classname="com.netease.vstore.test.allcategory.SportOutdoorsTest"/>
  <testcase name="LogoutTest" time="2.442" classname="com.netease.vstore.test.allcategory.SportOutdoorsTest"/>
</testsuite> <!-- SportOutdoorsTest -->
