<?xml version="1.0" encoding="UTF-8"?>
<!-- Generated by org.testng.reporters.JUnitXMLReporter -->
<testsuite hostname="HIH-D-1894" name="UnderClothesTest" tests="8" failures="0" timestamp="10 Jul 2015 04:03:03 GMT" time="57.543" errors="0">
  <testcase name="xiupinLoginTest" time="21.294" classname="com.netease.vstore.test.allcategory.UnderClothesTest"/>
  <testcase name="ChangeProvinceTest" time="1.702" classname="com.netease.vstore.test.allcategory.UnderClothesTest"/>
  <testcase name="intoCategoryTest" time="1.356" classname="com.netease.vstore.test.allcategory.UnderClothesTest"/>
  <testcase name="intoUnderClothesTest" time="0.582" classname="com.netease.vstore.test.allcategory.UnderClothesTest"/>
  <testcase name="WomentopclothTest" time="8.256" classname="com.netease.vstore.test.allcategory.UnderClothesTest"/>
  <testcase name="WomenAccessoryTest" time="8.507" classname="com.netease.vstore.test.allcategory.UnderClothesTest"/>
  <testcase name="WomenBottomClothesTest" time="10.666" classname="com.netease.vstore.test.allcategory.UnderClothesTest"/>
  <testcase name="xiupinLogout" time="2.501" classname="com.netease.vstore.test.allcategory.UnderClothesTest"/>
</testsuite> <!-- UnderClothesTest -->
